[Info]: Complete with no errors. [0]
[Info]: End at 2022/02/23 16:01:55. Runtime: 0s.
[Info]: Start at 2022/02/23 16:02:26
[Info]: i3theme started
[Info]: GTK theme --> default-light
[Info]: Qt theme --> default-light
[Info]: i3 theme --> default-light
[Info]: Xresources theme --> default-light
[Info]: dunst theme --> default-light
[Info]: kitty theme --> default-light
[Info]: wallpaper theme --> default-light
[Info]: Complete.
[Info]: Complete with no errors. [0]
[Info]: End at 2022/02/23 16:02:29. Runtime: 3s.
[Info]: Start at 2022/02/23 16:05:02
[Info]: i3theme started
[Info]: GTK theme --> default-light
[Info]: Qt theme --> default-light
[Info]: i3 theme --> default-light
[Info]: Xresources theme --> default-light
[Info]: dunst theme --> default-light
[Info]: kitty theme --> default-light
[Info]: wallpaper theme --> default-light
[Info]: Complete.
[Info]: Complete with no errors. [0]
[Info]: End at 2022/02/23 16:05:04. Runtime: 2s.
[Info]: Start at 2022/02/23 16:07:03
[Info]: i3theme started
[Info]: Themes available
[Info]: Complete with no errors. [0]
[Info]: End at 2022/02/23 16:07:04. Runtime: 1s.
[Info]: Start at 2022/02/23 16:07:06
[Info]: i3theme started
[Info]: Themes available
[Info]: Complete with no errors. [0]
[Info]: End at 2022/02/23 16:07:07. Runtime: 1s.
[Info]: Start at 2022/02/23 16:08:17
[Info]: i3theme started
[Info]: Themes available
[Info]: Complete with no errors. [0]
[Info]: End at 2022/02/23 16:08:18. Runtime: 1s.
[Info]: Start at 2022/02/23 16:08:32
[Info]: i3theme started
[Info]: GTK theme --> default-dark
[Info]: Qt theme --> default-dark
[Info]: i3 theme --> default-dark
[Info]: Xresources theme --> default-dark
[Info]: dunst theme --> default-dark
[Info]: kitty theme --> default-dark
[Info]: wallpaper theme --> default-dark
[Info]: Complete.
[Info]: Complete with no errors. [0]
[Info]: End at 2022/02/23 16:08:36. Runtime: 4s.
[Info]: Start at 2022/02/23 16:08:46
[Info]: i3theme started
[Info]: GTK theme --> nord
[Info]: Qt theme --> nord
[Info]: i3 theme --> nord
[Info]: Xresources theme --> nord
[Info]: dunst theme --> nord
[Info]: kitty theme --> nord
[Info]: wallpaper theme --> nord
[Info]: Complete.
[Info]: Complete with no errors. [0]
[Info]: End at 2022/02/23 16:08:49. Runtime: 3s.
[Info]: Start at 2022/02/23 16:09:12
[Info]: i3theme started
[Info]: Themes available
[Info]: Complete with no errors. [0]
[Info]: End at 2022/02/23 16:09:12. Runtime: 0s.
[Info]: Start at 2022/02/23 16:09:18
[Info]: i3theme started
[Info]: GTK theme --> default-light
[Info]: Qt theme --> default-light
[Info]: i3 theme --> default-light
[Info]: Xresources theme --> default-light
[Info]: dunst theme --> default-light
[Info]: kitty theme --> default-light
[Info]: wallpaper theme --> default-light
[Info]: Complete.
[Info]: Complete with no errors. [0]
[Info]: End at 2022/02/23 16:09:22. Runtime: 4s.
[Info]: Start at 2022/02/23 16:09:33
[Info]: i3theme started
[Info]: GTK theme --> materia-dark
[Info]: Qt theme --> materia-dark
[Info]: i3 theme --> materia-dark
[Info]: Xresources theme --> materia-dark
[Info]: dunst theme --> materia-dark
[Info]: kitty theme --> materia-dark
[Info]: wallpaper theme --> materia-dark
[Info]: Complete.
[Info]: Complete with no errors. [0]
[Info]: End at 2022/02/23 16:09:36. Runtime: 3s.
[Info]: Start at 2022/02/23 16:09:56
[Info]: i3theme started
[Info]: Themes available
[Info]: Complete with no errors. [0]
[Info]: End at 2022/02/23 16:09:56. Runtime: 0s.
[Info]: Start at 2022/02/23 16:10:03
[Info]: i3theme started
[Info]: GTK theme --> default-light
[Info]: Qt theme --> default-light
[Info]: i3 theme --> default-light
[Info]: Xresources theme --> default-light
[Info]: dunst theme --> default-light
[Info]: kitty theme --> default-light
[Info]: wallpaper theme --> default-light
[Info]: Complete.
[Info]: Complete with no errors. [0]
[Info]: End at 2022/02/23 16:10:06. Runtime: 3s.
